<?xml version="1.0" encoding="UTF-8"?>
<!-- Generated by org.testng.reporters.JUnitXMLReporter -->
<testsuite ignored="0" hostname="apples-MacBook-Pro-2.local" failures="1" tests="12" name="Surefire test" time="18.533" errors="0" timestamp="2026-07-15T15:42:42 IST">
  <testcase classname="Day47.LoginTest" name="testLogin" time="10.035">
    <failure type="org.openqa.selenium.NoSuchElementException" message="no such element: Unable to locate element: {&amp;quot;method&amp;quot;:&amp;quot;xpath&amp;quot;,&amp;quot;selector&amp;quot;:&amp;quot;//input[@placeholder=&amp;apos;Username&amp;apos;]&amp;quot;}
  (Session info: chrome=150.0.7871.116)
For documentation on this error, please visit: https://www.selenium.dev/documentation/webdriver/troubleshooting/errors#no-such-element-exception
Build info: version: &amp;apos;4.33.0&amp;apos;, revision: &amp;apos;2c6aaad03a&amp;apos;
System info: os.name: &amp;apos;Mac OS X&amp;apos;, os.arch: &amp;apos;aarch64&amp;apos;, os.version: &amp;apos;26.5.2&amp;apos;, java.version: &amp;apos;26.0.1&amp;apos;
Driver info: org.openqa.selenium.chrome.ChromeDriver
Command: [99d1d9bea400887fd36db383d5e43baf, findElement {value=//input[@placeholder=&amp;apos;Username&amp;apos;], using=xpath}]
Capabilities {acceptInsecureCerts: false, browserName: chrome, browserVersion: 150.0.7871.116, chrome: {chromedriverVersion: 150.0.7871.124 (9261fd0a595..., userDataDir: /var/folders/ys/6xd_frhd4jd...}, fedcm:accounts: true, goog:chromeOptions: {debuggerAddress: localhost:50438}, goog:processID: 8094, networkConnectionEnabled: false, pageLoadStrategy: normal, platformName: mac, proxy: Proxy(), se:cdp: ws://localhost:50438/devtoo..., se:cdpVersion: 150.0.7871.116, setWindowRect: true, strictFileInteractability: false, timeouts: {implicit: 0, pageLoad: 300000, script: 30000}, unhandledPromptBehavior: dismiss and notify, webauthn:extension:credBlob: true, webauthn:extension:largeBlob: true, webauthn:extension:minPinLength: true, webauthn:extension:prf: true, webauthn:virtualAuthenticators: true}
Session ID: 99d1d9bea400887fd36db383d5e43baf">
      <![CDATA[org.openqa.selenium.NoSuchElementException: no such element: Unable to locate element: {"method":"xpath","selector":"//input[@placeholder='Username']"}
  (Session info: chrome=150.0.7871.116)
For documentation on this error, please visit: https://www.selenium.dev/documentation/webdriver/troubleshooting/errors#no-such-element-exception
Build info: version: '4.33.0', revision: '2c6aaad03a'
System info: os.name: 'Mac OS X', os.arch: 'aarch64', os.version: '26.5.2', java.version: '26.0.1'
Driver info: org.openqa.selenium.chrome.ChromeDriver
Command: [99d1d9bea400887fd36db383d5e43baf, findElement {value=//input[@placeholder='Username'], using=xpath}]
Capabilities {acceptInsecureCerts: false, browserName: chrome, browserVersion: 150.0.7871.116, chrome: {chromedriverVersion: 150.0.7871.124 (9261fd0a595..., userDataDir: /var/folders/ys/6xd_frhd4jd...}, fedcm:accounts: true, goog:chromeOptions: {debuggerAddress: localhost:50438}, goog:processID: 8094, networkConnectionEnabled: false, pageLoadStrategy: normal, platformName: mac, proxy: Proxy(), se:cdp: ws://localhost:50438/devtoo..., se:cdpVersion: 150.0.7871.116, setWindowRect: true, strictFileInteractability: false, timeouts: {implicit: 0, pageLoad: 300000, script: 30000}, unhandledPromptBehavior: dismiss and notify, webauthn:extension:credBlob: true, webauthn:extension:largeBlob: true, webauthn:extension:minPinLength: true, webauthn:extension:prf: true, webauthn:virtualAuthenticators: true}
Session ID: 99d1d9bea400887fd36db383d5e43baf
at org.openqa.selenium.remote.ErrorCodec.decode(ErrorCodec.java:167)
at org.openqa.selenium.remote.codec.w3c.W3CHttpResponseCodec.decode(W3CHttpResponseCodec.java:138)
at org.openqa.selenium.remote.codec.w3c.W3CHttpResponseCodec.decode(W3CHttpResponseCodec.java:50)
at org.openqa.selenium.remote.HttpCommandExecutor.execute(HttpCommandExecutor.java:215)
at org.openqa.selenium.remote.service.DriverCommandExecutor.invokeExecute(DriverCommandExecutor.java:216)
at org.openqa.selenium.remote.service.DriverCommandExecutor.execute(DriverCommandExecutor.java:174)
at org.openqa.selenium.remote.RemoteWebDriver.execute(RemoteWebDriver.java:544)
at org.openqa.selenium.remote.ElementLocation$ElementFinder$2.findElement(ElementLocation.java:165)
at org.openqa.selenium.remote.ElementLocation.findElement(ElementLocation.java:59)
at org.openqa.selenium.remote.RemoteWebDriver.findElement(RemoteWebDriver.java:367)
at org.openqa.selenium.remote.RemoteWebDriver.findElement(RemoteWebDriver.java:361)
at Day47.LoginPage.setUserName(LoginPage.java:46)
at Day47.LoginTest.testLogin(LoginTest.java:29)
at java.base/java.util.ArrayList.forEach(ArrayList.java:1612)
... Removed 33 stack frames]]>
    </failure>
  </testcase> <!-- testLogin -->
  <testcase classname="Day42.TestngFirstTestCase" name="OpenURL" time="0.001"/>
  <testcase classname="Day42.TestngFirstTestCase" name="Login" time="0.0"/>
  <testcase classname="Day42.TestngFirstTestCase" name="Logout" time="0.0"/>
  <testcase classname="Day44.PaymentTest" name="paymentInRupees" time="0.0"/>
  <testcase classname="Day44.PaymentTest" name="paymentInDollar" time="0.0"/>
  <testcase classname="Day44.LoginTests" name="loginByEmail" time="0.0"/>
  <testcase classname="Day44.LoginTests" name="loginByFacebook" time="0.0"/>
  <testcase classname="Day44.LoginTests" name="loginByTwitter" time="0.0"/>
  <testcase classname="Day44.SignUpTest" name="signupByEmail" time="0.001"/>
  <testcase classname="Day44.SignUpTest" name="signupByFaceBook" time="0.0"/>
  <testcase classname="Day44.SignUpTest" name="signupByTwitter" time="0.001"/>
</testsuite> <!-- Surefire test -->
