<?xml version="1.0" encoding="UTF-8"?>
<!-- Generated by org.testng.reporters.JUnitXMLReporter -->
<testsuite ignored="0" hostname="Apples-MacBook-Air.local" failures="1" tests="3" name="Test" time="23.794" errors="0" timestamp="2025-09-15T14:42:57 IST">
  <testcase classname="Day46.OrangeHRM" name="testLogo" time="1.848"/>
  <testcase classname="Day46.OrangeHRM" name="testAppUrl" time="0.011">
    <failure type="org.openqa.selenium.NoSuchSessionException" message="Session ID is null. Using WebDriver after calling quit()?
Build info: version: &amp;apos;4.33.0&amp;apos;, revision: &amp;apos;2c6aaad03a&amp;apos;
System info: os.name: &amp;apos;Mac OS X&amp;apos;, os.arch: &amp;apos;x86_64&amp;apos;, os.version: &amp;apos;15.5&amp;apos;, java.version: &amp;apos;21.0.6&amp;apos;
Driver info: org.openqa.selenium.chrome.ChromeDriver
Command: [null, getCurrentUrl {}]
Capabilities {acceptInsecureCerts: false, browserName: chrome, browserVersion: 140.0.7339.133, chrome: {chromedriverVersion: 140.0.7339.82 (bc93617e21c3..., userDataDir: /var/folders/15/ck2p4m0d0p5...}, fedcm:accounts: true, goog:chromeOptions: {debuggerAddress: localhost:51450}, networkConnectionEnabled: false, pageLoadStrategy: normal, platformName: mac, proxy: Proxy(), se:cdp: ws://localhost:51450/devtoo..., se:cdpVersion: 140.0.7339.133, setWindowRect: true, strictFileInteractability: false, timeouts: {implicit: 0, pageLoad: 300000, script: 30000}, unhandledPromptBehavior: dismiss and notify, webauthn:extension:credBlob: true, webauthn:extension:largeBlob: true, webauthn:extension:minPinLength: true, webauthn:extension:prf: true, webauthn:virtualAuthenticators: true}">
      <![CDATA[org.openqa.selenium.NoSuchSessionException: Session ID is null. Using WebDriver after calling quit()?
Build info: version: '4.33.0', revision: '2c6aaad03a'
System info: os.name: 'Mac OS X', os.arch: 'x86_64', os.version: '15.5', java.version: '21.0.6'
Driver info: org.openqa.selenium.chrome.ChromeDriver
Command: [null, getCurrentUrl {}]
Capabilities {acceptInsecureCerts: false, browserName: chrome, browserVersion: 140.0.7339.133, chrome: {chromedriverVersion: 140.0.7339.82 (bc93617e21c3..., userDataDir: /var/folders/15/ck2p4m0d0p5...}, fedcm:accounts: true, goog:chromeOptions: {debuggerAddress: localhost:51450}, networkConnectionEnabled: false, pageLoadStrategy: normal, platformName: mac, proxy: Proxy(), se:cdp: ws://localhost:51450/devtoo..., se:cdpVersion: 140.0.7339.133, setWindowRect: true, strictFileInteractability: false, timeouts: {implicit: 0, pageLoad: 300000, script: 30000}, unhandledPromptBehavior: dismiss and notify, webauthn:extension:credBlob: true, webauthn:extension:largeBlob: true, webauthn:extension:minPinLength: true, webauthn:extension:prf: true, webauthn:virtualAuthenticators: true}
at org.openqa.selenium.remote.HttpCommandExecutor.execute(HttpCommandExecutor.java:176)
at org.openqa.selenium.remote.service.DriverCommandExecutor.invokeExecute(DriverCommandExecutor.java:216)
at org.openqa.selenium.remote.service.DriverCommandExecutor.execute(DriverCommandExecutor.java:174)
at org.openqa.selenium.remote.RemoteWebDriver.execute(RemoteWebDriver.java:544)
at org.openqa.selenium.remote.RemoteWebDriver.execute(RemoteWebDriver.java:617)
at org.openqa.selenium.remote.RemoteWebDriver.execute(RemoteWebDriver.java:621)
at org.openqa.selenium.remote.RemoteWebDriver.getCurrentUrl(RemoteWebDriver.java:324)
at Day46.OrangeHRM.testAppUrl(OrangeHRM.java:45)
at java.base/java.util.ArrayList.forEach(ArrayList.java:1596)
... Removed 25 stack frames]]>
    </failure>
  </testcase> <!-- testAppUrl -->
  <testcase classname="Day46.OrangeHRM" name="testHomePageTitle" time="0.0">
    <skipped/>
  </testcase> <!-- testHomePageTitle -->
</testsuite> <!-- Test -->
