<?xml version="1.0" encoding="UTF-8"?>
<!-- Generated by org.testng.reporters.JUnitXMLReporter -->
<testsuite ignored="6" hostname="Apples-MacBook-Air.local" failures="0" tests="2" name="groupingtest" time="0.142" errors="0" timestamp="2025-09-10T01:27:35 IST">
  <testcase classname="Day44.PaymentTest" name="paymentInRupees" time="0.048"/>
  <testcase classname="Day44.PaymentTest" name="paymentInDollar" time="0.005"/>
  <testcase classname="Day44.LoginTests" name="loginByFacebook" time="0.0">
    <ignored/>
  </testcase> <!-- loginByFacebook -->
  <testcase classname="Day44.SignUpTest" name="signupByEmail" time="0.0">
    <ignored/>
  </testcase> <!-- signupByEmail -->
  <testcase classname="Day44.LoginTests" name="loginByTwitter" time="0.0">
    <ignored/>
  </testcase> <!-- loginByTwitter -->
  <testcase classname="Day44.SignUpTest" name="signupByTwitter" time="0.0">
    <ignored/>
  </testcase> <!-- signupByTwitter -->
  <testcase classname="Day44.SignUpTest" name="signupByFaceBook" time="0.0">
    <ignored/>
  </testcase> <!-- signupByFaceBook -->
  <testcase classname="Day44.LoginTests" name="loginByEmail" time="0.0">
    <ignored/>
  </testcase> <!-- loginByEmail -->
</testsuite> <!-- groupingtest -->
