<?xml version="1.0" encoding="UTF-8"?>
<!-- Generated by org.testng.reporters.JUnitReportReporter -->
<testsuite hostname="Apples-MacBook-Air.local" failures="0" tests="3" name="Day44.LoginTests" time="0.034" errors="0" timestamp="2025-09-10T00:25:08 IST" skipped="0">
  <testcase classname="Day44.LoginTests" name="loginByEmail" time="0.026"/>
  <testcase classname="Day44.LoginTests" name="loginByFacebook" time="0.003"/>
  <testcase classname="Day44.LoginTests" name="loginByTwitter" time="0.005"/>
</testsuite> <!-- Day44.LoginTests -->
