<?xml version="1.0" encoding="UTF-8"?>
<!-- Generated by org.testng.reporters.JUnitReportReporter -->
<testsuite hostname="Apples-MacBook-Air.local" failures="0" tests="3" name="Day44.SignUpTest" time="0.007" errors="0" timestamp="2025-09-10T00:07:26 IST" skipped="0">
  <testcase classname="Day44.SignUpTest" name="signupByEmail" time="0.002"/>
  <testcase classname="Day44.SignUpTest" name="signupByFaceBook" time="0.003"/>
  <testcase classname="Day44.SignUpTest" name="signupByTwitter" time="0.002"/>
</testsuite> <!-- Day44.SignUpTest -->
