<?xml version="1.0" encoding="UTF-8"?>
<!-- Generated by org.testng.reporters.JUnitReportReporter -->
<testsuite hostname="Apples-MacBook-Air.local" failures="0" tests="3" name="Day42.TestngFirstTestCase" time="0.006" errors="0" timestamp="2025-09-03T18:43:01 IST" skipped="0">
  <testcase classname="Day42.TestngFirstTestCase" name="OpenURL" time="0.003"/>
  <testcase classname="Day42.TestngFirstTestCase" name="Login" time="0.002"/>
  <testcase classname="Day42.TestngFirstTestCase" name="Logout" time="0.001"/>
</testsuite> <!-- Day42.TestngFirstTestCase -->
