<?xml version="1.0" encoding="UTF-8"?>
<!-- Generated by org.testng.reporters.JUnitReportReporter -->
<testsuite hostname="Apples-MacBook-Air.local" failures="0" tests="4" name="Day42.OrganeHRM" time="21.590" errors="0" timestamp="2025-09-03T18:43:01 IST" skipped="0">
  <testcase classname="Day42.OrganeHRM" name="OpenApp" time="13.600"/>
  <testcase classname="Day42.OrganeHRM" name="Logopresence" time="5.030"/>
  <testcase classname="Day42.OrganeHRM" name="login" time="2.839"/>
  <testcase classname="Day42.OrganeHRM" name="logout" time="0.121"/>
</testsuite> <!-- Day42.OrganeHRM -->
