<?xml version="1.0" encoding="UTF-8"?>
<!-- Generated by org.testng.reporters.JUnitReportReporter -->
<testsuite hostname="apples-MacBook-Pro-2.local" failures="0" tests="3" name="Day42.TestngFirstTestCase" time="0.001" errors="0" timestamp="2026-07-15T15:42:42 IST" skipped="0">
  <testcase classname="Day42.TestngFirstTestCase" name="OpenURL" time="0.001"/>
  <testcase classname="Day42.TestngFirstTestCase" name="Login" time="0.000"/>
  <testcase classname="Day42.TestngFirstTestCase" name="Logout" time="0.000"/>
</testsuite> <!-- Day42.TestngFirstTestCase -->
