<?xml version="1.0" encoding="UTF-8"?>
<!-- Generated by org.testng.reporters.JUnitReportReporter -->
<testsuite hostname="apples-MacBook-Pro-2.local" failures="0" tests="3" name="Day44.LoginTests" time="0.000" errors="0" timestamp="2026-07-15T15:42:42 IST" skipped="0">
  <testcase classname="Day44.LoginTests" name="loginByEmail" time="0.000"/>
  <testcase classname="Day44.LoginTests" name="loginByFacebook" time="0.000"/>
  <testcase classname="Day44.LoginTests" name="loginByTwitter" time="0.000"/>
</testsuite> <!-- Day44.LoginTests -->
