<?xml version="1.0" encoding="UTF-8"?>
<!-- Generated by org.testng.reporters.JUnitReportReporter -->
<testsuite hostname="apples-MacBook-Pro-2.local" failures="0" tests="3" name="Day44.SignUpTest" time="0.002" errors="0" timestamp="2026-07-15T15:42:42 IST" skipped="0">
  <testcase classname="Day44.SignUpTest" name="signupByEmail" time="0.001"/>
  <testcase classname="Day44.SignUpTest" name="signupByFaceBook" time="0.000"/>
  <testcase classname="Day44.SignUpTest" name="signupByTwitter" time="0.001"/>
</testsuite> <!-- Day44.SignUpTest -->
