<?xml version="1.0" encoding="UTF-8"?>
<!-- Generated by org.testng.reporters.JUnitXMLReporter -->
<testsuite ignored="0" hostname="Apples-MacBook-Air.local" failures="0" tests="7" name="Mytests" time="21.728" errors="0" timestamp="2025-09-03T18:43:01 IST">
  <testcase classname="Day42.OrganeHRM" name="OpenApp" time="13.6"/>
  <testcase classname="Day42.OrganeHRM" name="Logopresence" time="5.03"/>
  <testcase classname="Day42.OrganeHRM" name="login" time="2.839"/>
  <testcase classname="Day42.OrganeHRM" name="logout" time="0.121"/>
  <testcase classname="Day42.TestngFirstTestCase" name="OpenURL" time="0.003"/>
  <testcase classname="Day42.TestngFirstTestCase" name="Login" time="0.002"/>
  <testcase classname="Day42.TestngFirstTestCase" name="Logout" time="0.001"/>
</testsuite> <!-- Mytests -->
